<?xml version="1.0" encoding="UTF-8"?>
<testng-results ignored="0" total="2" passed="2" failed="0" skipped="0">
  <reporter-output>
  </reporter-output>
  <suite started-at="2024-07-11T23:43:01 IST" name="Surefire suite" finished-at="2024-07-11T23:43:29 IST" duration-ms="27916">
    <groups>
      <group name="cucumber">
        <method signature="AbstractTestNGCucumberTests.runScenario(io.cucumber.testng.PickleWrapper,io.cucumber.testng.FeatureWrapper)[pri:0, instance:runner.Testng_runner@460d0a57]" name="runScenario" class="io.cucumber.testng.AbstractTestNGCucumberTests"/>
      </group> <!-- cucumber -->
    </groups>
    <test started-at="2024-07-11T23:43:01 IST" name="Surefire test" finished-at="2024-07-11T23:43:29 IST" duration-ms="27916">
      <class name="runner.Testng_runner">
        <test-method is-config="true" signature="setUpClass(org.testng.ITestContext)[pri:0, instance:runner.Testng_runner@460d0a57]" started-at="2024-07-11T23:43:01 IST" name="setUpClass" finished-at="2024-07-11T23:43:01 IST" duration-ms="360" status="PASS">
          <params>
            <param index="0">
              <value>
                <![CDATA[org.testng.TestRunner@41e1455d]]>
              </value>
            </param>
          </params>
          <reporter-output>
          </reporter-output>
        </test-method> <!-- setUpClass -->
        <test-method signature="runScenario(io.cucumber.testng.PickleWrapper,io.cucumber.testng.FeatureWrapper)[pri:0, instance:runner.Testng_runner@460d0a57]" started-at="2024-07-11T23:43:01 IST" name="runScenario" description="Runs Cucumber Scenarios" data-provider="scenarios" finished-at="2024-07-11T23:43:16 IST" duration-ms="14946" status="PASS">
          <params>
            <param index="0">
              <value>
                <![CDATA["Test the form fillup functionality"]]>
              </value>
            </param>
            <param index="1">
              <value>
                <![CDATA["Simple form fillup"]]>
              </value>
            </param>
          </params>
          <reporter-output>
          </reporter-output>
        </test-method> <!-- runScenario -->
        <test-method signature="runScenario(io.cucumber.testng.PickleWrapper,io.cucumber.testng.FeatureWrapper)[pri:0, instance:runner.Testng_runner@460d0a57]" started-at="2024-07-11T23:43:16 IST" name="runScenario" description="Runs Cucumber Scenarios" data-provider="scenarios" finished-at="2024-07-11T23:43:29 IST" duration-ms="12548" status="PASS">
          <params>
            <param index="0">
              <value>
                <![CDATA["Test the form fillup functionality"]]>
              </value>
            </param>
            <param index="1">
              <value>
                <![CDATA["Simple form fillup"]]>
              </value>
            </param>
          </params>
          <reporter-output>
          </reporter-output>
        </test-method> <!-- runScenario -->
        <test-method is-config="true" signature="tearDownClass()[pri:0, instance:runner.Testng_runner@460d0a57]" started-at="2024-07-11T23:43:29 IST" name="tearDownClass" finished-at="2024-07-11T23:43:29 IST" duration-ms="4" status="PASS">
          <reporter-output>
          </reporter-output>
        </test-method> <!-- tearDownClass -->
      </class> <!-- runner.Testng_runner -->
    </test> <!-- Surefire test -->
  </suite> <!-- Surefire suite -->
</testng-results>
