<?xml version="1.0" encoding="UTF-8"?>
<testsuite xmlns:xsi="http://www.w3.org/2001/XMLSchema-instance" xsi:noNamespaceSchemaLocation="https://maven.apache.org/surefire/maven-surefire-plugin/xsd/surefire-test-report-3.0.xsd" version="3.0" name="runner.Testng_runner" time="28.524" tests="2" errors="0" skipped="0" failures="0">
  <properties>
[...]
</properties>
  <testcase name="runScenario[&quot;Test the form fillup functionality&quot;, &quot;Simple form fillup&quot;](1)" classname="runner.Testng_runner" time="14.947"/>
  <testcase name="runScenario[&quot;Test the form fillup functionality&quot;, &quot;Simple form fillup&quot;](2)" classname="runner.Testng_runner" time="12.548"/>
</testsuite>