<?xml version="1.0" encoding="UTF-8"?>
<testng-results ignored="0" total="2" passed="2" failed="0" skipped="0">
  <reporter-output>
  </reporter-output>
  <suite started-at="2024-07-11T23:37:12 IST" name="Default suite" finished-at="2024-07-11T23:37:40 IST" duration-ms="27988">
    <groups>
      <group name="cucumber">
        <method signature="AbstractTestNGCucumberTests.runScenario(io.cucumber.testng.PickleWrapper,io.cucumber.testng.FeatureWrapper)[pri:0, instance:runner.Testng_runner@70ed52de]" name="runScenario" class="io.cucumber.testng.AbstractTestNGCucumberTests"/>
      </group> <!-- cucumber -->
    </groups>
    <test started-at="2024-07-11T23:37:12 IST" name="Default test" finished-at="2024-07-11T23:37:40 IST" duration-ms="27988">
      <class name="runner.Testng_runner">
        <test-method is-config="true" signature="setUpClass(org.testng.ITestContext)[pri:0, instance:runner.Testng_runner@70ed52de]" started-at="2024-07-11T23:37:13 IST" name="setUpClass" finished-at="2024-07-11T23:37:13 IST" duration-ms="280" status="PASS">
          <params>
            <param index="0">
              <value>
                <![CDATA[org.testng.TestRunner@359ff4d9]]>
              </value>
            </param>
          </params>
          <reporter-output>
          </reporter-output>
        </test-method> <!-- setUpClass -->
        <test-method signature="runScenario(io.cucumber.testng.PickleWrapper,io.cucumber.testng.FeatureWrapper)[pri:0, instance:runner.Testng_runner@70ed52de]" started-at="2024-07-11T23:37:13 IST" name="runScenario" description="Runs Cucumber Scenarios" data-provider="scenarios" finished-at="2024-07-11T23:37:28 IST" duration-ms="15162" status="PASS">
          <params>
            <param index="0">
              <value>
                <![CDATA["Test the form fillup functionality"]]>
              </value>
            </param>
            <param index="1">
              <value>
                <![CDATA["Simple form fillup"]]>
              </value>
            </param>
          </params>
          <reporter-output>
          </reporter-output>
        </test-method> <!-- runScenario -->
        <test-method signature="runScenario(io.cucumber.testng.PickleWrapper,io.cucumber.testng.FeatureWrapper)[pri:0, instance:runner.Testng_runner@70ed52de]" started-at="2024-07-11T23:37:28 IST" name="runScenario" description="Runs Cucumber Scenarios" data-provider="scenarios" finished-at="2024-07-11T23:37:40 IST" duration-ms="12481" status="PASS">
          <params>
            <param index="0">
              <value>
                <![CDATA["Test the form fillup functionality"]]>
              </value>
            </param>
            <param index="1">
              <value>
                <![CDATA["Simple form fillup"]]>
              </value>
            </param>
          </params>
          <reporter-output>
          </reporter-output>
        </test-method> <!-- runScenario -->
        <test-method is-config="true" signature="tearDownClass()[pri:0, instance:runner.Testng_runner@70ed52de]" started-at="2024-07-11T23:37:40 IST" name="tearDownClass" finished-at="2024-07-11T23:37:40 IST" duration-ms="4" status="PASS">
          <reporter-output>
          </reporter-output>
        </test-method> <!-- tearDownClass -->
      </class> <!-- runner.Testng_runner -->
    </test> <!-- Default test -->
  </suite> <!-- Default suite -->
</testng-results>
